<?xml version="1.0" encoding="UTF-8"?>
<testsuite name="Regression Test"
           tests="2"
           failures="0"
           errors="0"
           skipped="0"
           time="0.576">
  <properties />
  
  
            <testcase name="userShouldLoginSuccessfullyWithValidCredentials" time="0.308" classname="com.saucedemo.testsuite.LoginTest" />
                <testcase name="verifyThatSixProductsAreDisplayedOnPage" time="0.268" classname="com.saucedemo.testsuite.LoginTest" />
      
</testsuite>
